<?xml version="1.0" encoding="UTF-8"?>
<testng-results skipped="0" failed="0" ignored="0" total="1" passed="1">
  <reporter-output>
  </reporter-output>
  <suite name="Suite" duration-ms="10648" started-at="2021-05-08T18:44:13 IST" finished-at="2021-05-08T18:44:24 IST">
    <groups>
    </groups>
    <test name="Test" duration-ms="10648" started-at="2021-05-08T18:44:13 IST" finished-at="2021-05-08T18:44:24 IST">
      <class name="unitTest.FirstProgram">
        <test-method status="PASS" signature="beforeMethod()[pri:0, instance:unitTest.FirstProgram@d44fc21]" name="beforeMethod" is-config="true" duration-ms="5639" started-at="2021-05-08T18:44:13 IST" finished-at="2021-05-08T18:44:19 IST">
          <reporter-output>
          </reporter-output>
        </test-method> <!-- beforeMethod -->
        <test-method status="PASS" signature="loginTest()[pri:0, instance:unitTest.FirstProgram@d44fc21]" name="loginTest" duration-ms="4927" started-at="2021-05-08T18:44:19 IST" finished-at="2021-05-08T18:44:24 IST">
          <reporter-output>
          </reporter-output>
        </test-method> <!-- loginTest -->
      </class> <!-- unitTest.FirstProgram -->
    </test> <!-- Test -->
  </suite> <!-- Suite -->
</testng-results>
